<?xml version="1.0" encoding="UTF-8"?>
<!-- Generated by org.testng.reporters.JUnitReportReporter -->
<testsuite hostname="indresh-PC" name="com.test.charter.testcases.OfferPageTestCase" tests="1" failures="0" timestamp="24 Mar 2016 08:39:38 GMT" time="88.562" errors="0">
  <testcase name="testOfferSelected" time="88.562" classname="com.test.charter.testcases.OfferPageTestCase"/>
</testsuite> <!-- com.test.charter.testcases.OfferPageTestCase -->
