<?xml version="1.0" encoding="UTF-8"?>
<!-- Generated by org.testng.reporters.JUnitReportReporter -->
<testsuite hostname="indresh-PC" name="com.test.charter.testcases.CustomerInformationPageTestCase" tests="1" failures="0" timestamp="24 Mar 2016 08:51:51 GMT" time="169.787" errors="0">
  <testcase name="CustomerPage" time="169.787" classname="com.test.charter.testcases.CustomerInformationPageTestCase"/>
</testsuite> <!-- com.test.charter.testcases.CustomerInformationPageTestCase -->
