<?xml version="1.0" encoding="UTF-8"?>
<!-- Generated by org.testng.reporters.JUnitReportReporter -->
<testsuite hostname="indresh-PC" name="com.test.charter.testcases.ChooseAptPageTestCase" tests="1" failures="0" timestamp="24 Mar 2016 09:52:01 GMT" time="28.384" errors="0">
  <testcase name="testAptPage" time="28.384" classname="com.test.charter.testcases.ChooseAptPageTestCase"/>
</testsuite> <!-- com.test.charter.testcases.ChooseAptPageTestCase -->
