<?xml version="1.0" encoding="UTF-8"?>
<!-- Generated by org.testng.reporters.JUnitReportReporter -->
<testsuite hostname="Ramiz-PC" name="com.test.charter.testcases.LandingPageTestCase" tests="1" failures="0" timestamp="24 Apr 2016 08:09:16 GMT" time="10.821" errors="0">
  <testcase name="testLandingPage" time="10.821" classname="com.test.charter.testcases.LandingPageTestCase"/>
</testsuite> <!-- com.test.charter.testcases.LandingPageTestCase -->
