<?xml version="1.0" encoding="UTF-8"?>
<!-- Generated by org.testng.reporters.JUnitReportReporter -->
<testsuite hostname="indresh-PC" name="com.test.charter.testcases.CustomizeOfferPageTestCase" tests="1" failures="0" timestamp="24 Mar 2016 08:39:38 GMT" time="166.589" errors="0">
  <testcase name="testCustomizationSelected" time="166.589" classname="com.test.charter.testcases.CustomizeOfferPageTestCase"/>
</testsuite> <!-- com.test.charter.testcases.CustomizeOfferPageTestCase -->
