<?xml version="1.0" encoding="UTF-8"?>
<!-- Generated by org.testng.reporters.JUnitReportReporter -->
<testsuite hostname="indresh-PC" name="com.test.charter.testcases.NewOrderPageTestCase" tests="1" failures="0" timestamp="24 Mar 2016 08:39:38 GMT" time="110.472" errors="0">
  <testcase name="runNewOrderTest" time="110.472" classname="com.test.charter.testcases.NewOrderPageTestCase"/>
</testsuite> <!-- com.test.charter.testcases.NewOrderPageTestCase -->
