<?xml version="1.0" encoding="UTF-8"?>
<!-- Generated by org.testng.reporters.JUnitReportReporter -->
<testsuite hostname="Ramiz-PC" name="com.test.charter.testcases.LandingPageTestCase" tests="1" failures="0" timestamp="22 May 2016 10:31:23 GMT" time="12.972" errors="0">
  <testcase name="testLandingPage" time="12.972" classname="com.test.charter.testcases.LandingPageTestCase"/>
</testsuite> <!-- com.test.charter.testcases.LandingPageTestCase -->
